[15:02:52] [main/INFO] (FabricLoader/GameProvider) Loading Minecraft 1.20.1 with Fabric Loader 0.14.22
[15:02:52] [main/INFO] (FabricLoader) Loading 57 mods:
	- fabric-api 0.89.0+1.20.1
	- fabric-api-base 0.4.30+7abfd51577
	- fabric-api-lookup-api-v1 1.6.35+4d8536c977
	- fabric-biome-api-v1 13.0.10+b3afc78b77
	- fabric-block-api-v1 1.0.10+92a0d36777
	- fabric-block-view-api-v2 1.0.0+92a0d36777
	- fabric-blockrenderlayer-v1 1.1.40+b3afc78b77
	- fabric-client-tags-api-v1 1.1.1+97bb207577
	- fabric-command-api-v1 1.2.33+f71b366f77
	- fabric-command-api-v2 2.2.12+b3afc78b77
	- fabric-commands-v0 0.2.50+df3654b377
	- fabric-containers-v0 0.1.63+df3654b377
	- fabric-content-registries-v0 4.0.9+b3afc78b77
	- fabric-convention-tags-v1 1.5.4+a1a980da77
	- fabric-crash-report-info-v1 0.2.18+aeb40ebe77
	- fabric-data-generation-api-v1 12.3.0+0883a8d477
	- fabric-dimensions-v1 2.1.53+8536527b77
	- fabric-entity-events-v1 1.5.22+b3afc78b77
	- fabric-events-interaction-v0 0.6.1+e91849a877
	- fabric-events-lifecycle-v0 0.2.62+df3654b377
	- fabric-game-rule-api-v1 1.0.38+b04edc7a77
	- fabric-gametest-api-v1 1.2.12+b3afc78b77
	- fabric-item-api-v1 2.1.27+b3afc78b77
	- fabric-item-group-api-v1 4.0.10+23d9108177
	- fabric-key-binding-api-v1 1.0.36+fb8d95da77
	- fabric-keybindings-v0 0.2.34+df3654b377
	- fabric-lifecycle-events-v1 2.2.21+b3afc78b77
	- fabric-loot-api-v2 1.1.39+b3afc78b77
	- fabric-loot-tables-v1 1.1.43+9e7660c677
	- fabric-message-api-v1 5.1.7+3265161977
	- fabric-mining-level-api-v1 2.1.49+b3afc78b77
	- fabric-model-loading-api-v1 1.0.2+709a987177
	- fabric-models-v0 0.4.1+9386d8a777
	- fabric-networking-api-v1 1.3.10+eeb8eb3677
	- fabric-networking-v0 0.3.50+df3654b377
	- fabric-object-builder-api-v1 11.1.1+6beca84877
	- fabric-particles-v1 1.1.1+201a23a077
	- fabric-recipe-api-v1 1.0.20+b3afc78b77
	- fabric-registry-sync-v0 2.3.2+4df89eb277
	- fabric-renderer-api-v1 3.2.0+39a511ba77
	- fabric-renderer-indigo 1.5.0+39a511ba77
	- fabric-renderer-registries-v1 3.2.45+df3654b377
	- fabric-rendering-data-attachment-v1 0.3.36+92a0d36777
	- fabric-rendering-fluids-v1 3.0.27+b3afc78b77
	- fabric-rendering-v0 1.1.48+df3654b377
	- fabric-rendering-v1 3.0.7+b3afc78b77
	- fabric-resource-conditions-api-v1 2.3.5+ea08f9d877
	- fabric-resource-loader-v0 0.11.9+132c48c177
	- fabric-screen-api-v1 2.0.7+b3afc78b77
	- fabric-screen-handler-api-v1 1.3.29+b3afc78b77
	- fabric-sound-api-v1 1.0.12+b3afc78b77
	- fabric-transfer-api-v1 3.3.1+195226a777
	- fabric-transitive-access-wideners-v1 4.3.0+6c31357e77
	- fabricloader 0.14.22
	- java 20
	- minecraft 1.20.1
	- tintedflowers 1.0.0
[15:02:52] [main/INFO] (FabricLoader/Mixin) SpongePowered MIXIN Subsystem Version=0.8.5 Source=file:/Users/jood/.gradle/caches/modules-2/files-2.1/net.fabricmc/sponge-mixin/0.12.5+mixin.0.8.5/8d31fb97c3e0cd7c8dad3441851c523bcfae6d8e/sponge-mixin-0.12.5+mixin.0.8.5.jar Service=Knot/Fabric Env=CLIENT
[15:02:52] [main/INFO] (FabricLoader/Mixin) Loaded Fabric development mappings for mixin remapper!
[15:02:52] [main/INFO] (FabricLoader/Mixin) Compatibility level set to JAVA_16
[15:02:52] [main/INFO] (FabricLoader/Mixin) Compatibility level set to JAVA_17
[15:02:55] [Datafixer Bootstrap/INFO] (Minecraft) 188 Datafixer optimizations took 67 milliseconds
[15:02:56] [Render thread/INFO] (Minecraft) Environment: authHost='https://authserver.mojang.com', accountsHost='https://api.mojang.com', sessionHost='https://sessionserver.mojang.com', servicesHost='https://api.minecraftservices.com', name='PROD'
[15:02:56] [Render thread/ERROR] (Minecraft) Failed to verify authentication
com.mojang.authlib.exceptions.InvalidCredentialsException: Status: 401
	at com.mojang.authlib.exceptions.MinecraftClientHttpException.toAuthenticationException(MinecraftClientHttpException.java:56) ~[authlib-4.0.43.jar:?]
	at com.mojang.authlib.yggdrasil.YggdrasilUserApiService.fetchProperties(YggdrasilUserApiService.java:156) ~[authlib-4.0.43.jar:?]
	at com.mojang.authlib.yggdrasil.YggdrasilUserApiService.<init>(YggdrasilUserApiService.java:55) ~[authlib-4.0.43.jar:?]
	at com.mojang.authlib.yggdrasil.YggdrasilAuthenticationService.createUserApiService(YggdrasilAuthenticationService.java:124) ~[authlib-4.0.43.jar:?]
	at net.minecraft.client.MinecraftClient.createUserApiService(MinecraftClient.java:733) ~[minecraft-merged-project-root-1.20.1-net.fabricmc.yarn.1_20_1.1.20.1+build.10-v2.jar:?]
	at net.minecraft.client.MinecraftClient.<init>(MinecraftClient.java:442) ~[minecraft-merged-project-root-1.20.1-net.fabricmc.yarn.1_20_1.1.20.1+build.10-v2.jar:?]
	at net.minecraft.client.main.Main.main(Main.java:211) ~[minecraft-merged-project-root-1.20.1-net.fabricmc.yarn.1_20_1.1.20.1+build.10-v2.jar:?]
	at net.fabricmc.loader.impl.game.minecraft.MinecraftGameProvider.launch(MinecraftGameProvider.java:468) ~[fabric-loader-0.14.22.jar:?]
	at net.fabricmc.loader.impl.launch.knot.Knot.launch(Knot.java:74) ~[fabric-loader-0.14.22.jar:?]
	at net.fabricmc.loader.impl.launch.knot.KnotClient.main(KnotClient.java:23) ~[fabric-loader-0.14.22.jar:?]
	at net.fabricmc.devlaunchinjector.Main.main(Main.java:86) ~[dev-launch-injector-0.2.1+build.8.jar:?]
Caused by: com.mojang.authlib.exceptions.MinecraftClientHttpException: Status: 401
	at com.mojang.authlib.minecraft.client.MinecraftClient.readInputStream(MinecraftClient.java:85) ~[authlib-4.0.43.jar:?]
	at com.mojang.authlib.minecraft.client.MinecraftClient.get(MinecraftClient.java:48) ~[authlib-4.0.43.jar:?]
	at com.mojang.authlib.yggdrasil.YggdrasilUserApiService.fetchProperties(YggdrasilUserApiService.java:129) ~[authlib-4.0.43.jar:?]
	... 9 more
[15:02:56] [Render thread/INFO] (Minecraft) Setting user: Player936
[15:02:57] [Render thread/INFO] (Indigo) [Indigo] Registering Indigo renderer!
[15:02:57] [Render thread/INFO] (Minecraft) Backend library: LWJGL version 3.3.2-snapshot
[15:02:58] [Render thread/INFO] (Minecraft) Reloading ResourceManager: vanilla, fabric (fabric-gametest-api-v1, fabric-renderer-indigo, fabric-client-tags-api-v1, fabric-content-registries-v0, fabric-item-api-v1, fabric-convention-tags-v1, fabric-message-api-v1, fabric-keybindings-v0, tintedflowers, fabric-commands-v0, fabric-sound-api-v1, fabric-api-base, fabric-transitive-access-wideners-v1, fabric-registry-sync-v0, fabric-rendering-v0, fabric-biome-api-v1, fabric-screen-handler-api-v1, fabric-dimensions-v1, fabric-recipe-api-v1, fabric-resource-conditions-api-v1, fabric-command-api-v1, fabric-item-group-api-v1, fabric-key-binding-api-v1, fabric-renderer-registries-v1, fabric-mining-level-api-v1, fabric-api-lookup-api-v1, fabric-model-loading-api-v1, fabric-rendering-fluids-v1, fabric-entity-events-v1, fabric-networking-api-v1, fabric-block-api-v1, fabric-networking-v0, fabric-data-generation-api-v1, fabric-loot-tables-v1, fabric-screen-api-v1, fabric-command-api-v2, fabric-api, fabric-models-v0, fabric-containers-v0, fabric-game-rule-api-v1, fabric-rendering-data-attachment-v1, fabric-transfer-api-v1, fabric-renderer-api-v1, fabric-loot-api-v2, fabric-blockrenderlayer-v1, fabricloader, fabric-particles-v1, fabric-events-interaction-v0, fabric-events-lifecycle-v0, fabric-block-view-api-v2, fabric-crash-report-info-v1, fabric-resource-loader-v0, fabric-lifecycle-events-v1, fabric-object-builder-api-v1, fabric-rendering-v1)
[15:02:58] [Worker-Main-6/INFO] (Minecraft) Found unifont_all_no_pua-15.0.06.hex, loading
[15:02:58] [Realms Notification Availability checker #1/INFO] (Minecraft) Could not authorize you against Realms server: Invalid session id
[15:03:00] [Render thread/WARN] (Minecraft) Missing sound for event: minecraft:item.goat_horn.play
[15:03:00] [Render thread/WARN] (Minecraft) Missing sound for event: minecraft:entity.goat.screaming.horn_break
[15:03:00] [Render thread/INFO] (Minecraft) OpenAL initialized on device Jood’s AirPods Max
[15:03:00] [Render thread/INFO] (Minecraft) Sound engine started
[15:03:00] [Render thread/INFO] (Minecraft) Created: 1024x512x4 minecraft:textures/atlas/blocks.png-atlas
[15:03:00] [Render thread/INFO] (Minecraft) Created: 256x256x4 minecraft:textures/atlas/signs.png-atlas
[15:03:00] [Render thread/INFO] (Minecraft) Created: 512x512x4 minecraft:textures/atlas/shield_patterns.png-atlas
[15:03:00] [Render thread/INFO] (Minecraft) Created: 512x512x4 minecraft:textures/atlas/banner_patterns.png-atlas
[15:03:00] [Render thread/INFO] (Minecraft) Created: 1024x1024x4 minecraft:textures/atlas/armor_trims.png-atlas
[15:03:00] [Render thread/INFO] (Minecraft) Created: 128x64x4 minecraft:textures/atlas/decorated_pot.png-atlas
[15:03:00] [Render thread/INFO] (Minecraft) Created: 256x256x4 minecraft:textures/atlas/chest.png-atlas
[15:03:00] [Render thread/INFO] (Minecraft) Created: 512x256x4 minecraft:textures/atlas/shulker_boxes.png-atlas
[15:03:00] [Render thread/INFO] (Minecraft) Created: 512x256x4 minecraft:textures/atlas/beds.png-atlas
[15:03:00] [Render thread/WARN] (Minecraft) Shader rendertype_entity_translucent_emissive could not find sampler named Sampler2 in the specified shader program.
[15:03:00] [Render thread/INFO] (Minecraft) Created: 256x256x0 minecraft:textures/atlas/particles.png-atlas
[15:03:00] [Render thread/INFO] (Minecraft) Created: 256x256x0 minecraft:textures/atlas/paintings.png-atlas
[15:03:00] [Render thread/INFO] (Minecraft) Created: 128x128x0 minecraft:textures/atlas/mob_effects.png-atlas
[15:03:04] [Render thread/INFO] (Minecraft) Loaded 7 recipes
[15:03:04] [Render thread/INFO] (Minecraft) Loaded 1271 advancements
[15:03:04] [Render thread/INFO] (BiomeModificationImpl) Applied 0 biome modifications to 0 of 64 new biomes in 777.4 μs
[15:03:04] [Server thread/INFO] (Minecraft) Starting integrated minecraft server version 1.20.1
[15:03:04] [Server thread/INFO] (Minecraft) Generating keypair
[15:03:06] [Server thread/INFO] (Minecraft) Preparing start region for dimension minecraft:overworld
[15:03:07] [Render thread/INFO] (Minecraft) Preparing spawn area: 0%
[15:03:07] [Render thread/INFO] (Minecraft) Preparing spawn area: 0%
[15:03:07] [Render thread/INFO] (Minecraft) Preparing spawn area: 0%
[15:03:07] [Render thread/INFO] (Minecraft) Preparing spawn area: 22%
[15:03:08] [Render thread/INFO] (Minecraft) Time elapsed: 1889 ms
[15:03:08] [Server thread/INFO] (Minecraft) Changing view distance to 12, from 10
[15:03:08] [Server thread/INFO] (Minecraft) Changing simulation distance to 12, from 0
[15:03:08] [Server thread/INFO] (Minecraft) Player936[local:E:b35ea641] logged in with entity id 166 at (64.5191468396355, 67.17675927506424, 39.83515298018211)
[15:03:08] [Server thread/INFO] (Minecraft) Player936 joined the game
[15:03:09] [Render thread/INFO] (Minecraft) Loaded 2 advancements
[15:03:15] [Server thread/INFO] (Minecraft) Saving and pausing game...
[15:03:15] [Server thread/INFO] (Minecraft) Saving chunks for level 'ServerLevel[New World]'/minecraft:overworld
[15:03:15] [Server thread/INFO] (Minecraft) Saving chunks for level 'ServerLevel[New World]'/minecraft:the_end
[15:03:15] [Server thread/INFO] (Minecraft) Saving chunks for level 'ServerLevel[New World]'/minecraft:the_nether
[15:03:15] [Server thread/INFO] (Minecraft) Player936 lost connection: Disconnected
[15:03:15] [Server thread/INFO] (Minecraft) Player936 left the game
[15:03:15] [Server thread/INFO] (Minecraft) Stopping singleplayer server as player logged out
[15:03:15] [Server thread/INFO] (Minecraft) Stopping server
[15:03:15] [Server thread/INFO] (Minecraft) Saving players
[15:03:15] [Server thread/INFO] (Minecraft) Saving worlds
[15:03:16] [Server thread/INFO] (Minecraft) Saving chunks for level 'ServerLevel[New World]'/minecraft:overworld
[15:03:16] [Server thread/INFO] (Minecraft) Saving chunks for level 'ServerLevel[New World]'/minecraft:the_end
[15:03:16] [Server thread/INFO] (Minecraft) Saving chunks for level 'ServerLevel[New World]'/minecraft:the_nether
[15:03:16] [Server thread/INFO] (Minecraft) ThreadedAnvilChunkStorage (New World): All chunks are saved
[15:03:16] [Server thread/INFO] (Minecraft) ThreadedAnvilChunkStorage (DIM1): All chunks are saved
[15:03:16] [Server thread/INFO] (Minecraft) ThreadedAnvilChunkStorage (DIM-1): All chunks are saved
[15:03:16] [Server thread/INFO] (Minecraft) ThreadedAnvilChunkStorage: All dimensions are saved
[15:03:18] [Render thread/INFO] (Minecraft) Loaded 7 recipes
[15:03:18] [Render thread/INFO] (Minecraft) Loaded 1271 advancements
[15:03:23] [Render thread/INFO] (BiomeModificationImpl) Applied 0 biome modifications to 0 of 64 new biomes in 257.8 μs
[15:03:23] [Server thread/INFO] (Minecraft) Starting integrated minecraft server version 1.20.1
[15:03:23] [Server thread/INFO] (Minecraft) Generating keypair
[15:03:23] [Server thread/INFO] (Minecraft) Preparing start region for dimension minecraft:overworld
[15:03:23] [Render thread/INFO] (Minecraft) Preparing spawn area: 0%
[15:03:24] [Render thread/INFO] (Minecraft) Preparing spawn area: 23%
[15:03:24] [Render thread/INFO] (Minecraft) Preparing spawn area: 70%
[15:03:24] [Render thread/INFO] (Minecraft) Time elapsed: 1196 ms
[15:03:24] [Server thread/INFO] (Minecraft) Changing view distance to 12, from 10
[15:03:24] [Server thread/INFO] (Minecraft) Changing simulation distance to 12, from 0
[15:03:25] [Server thread/INFO] (Minecraft) Player936[local:E:289eec12] logged in with entity id 424 at (-5.5, -60.0, -7.5)
[15:03:25] [Server thread/INFO] (Minecraft) Player936 joined the game
[15:03:25] [Render thread/INFO] (Minecraft) Loaded 2 advancements
[15:03:31] [Server thread/INFO] (Minecraft) [Player936: Set the time to 6000]
[15:03:31] [Render thread/INFO] (Minecraft) [System] [CHAT] Set the time to 6000
[15:03:34] [Server thread/INFO] (Minecraft) [Player936: Gamerule doDaylightCycle is now set to: false]
[15:03:34] [Render thread/INFO] (Minecraft) [System] [CHAT] Gamerule doDaylightCycle is now set to: false
[15:03:48] [Render thread/INFO] (Minecraft) [System] [CHAT] Unknown or incomplete command, see below for error
[15:03:48] [Render thread/INFO] (Minecraft) [System] [CHAT] ...96 -60 -22<--[HERE]
[15:03:57] [Server thread/INFO] (Minecraft) [Player936: 56 biome entry/entries set between 44, -64, -28 and 96, -60, -24]
[15:03:57] [Render thread/INFO] (Minecraft) [System] [CHAT] 56 biome entry/entries set between 44, -64, -28 and 96, -60, -24
[15:04:06] [Render thread/INFO] (Minecraft) [System] [CHAT] Unknown or incomplete command, see below for error
[15:04:06] [Render thread/INFO] (Minecraft) [System] [CHAT] ...96 -60 -22<--[HERE]
[15:04:20] [Server thread/INFO] (Minecraft) [Player936: 112 biome entry/entries set between 44, -64, -24 and 96, -60, -12]
[15:04:20] [Render thread/INFO] (Minecraft) [System] [CHAT] 112 biome entry/entries set between 44, -64, -24 and 96, -60, -12
[15:04:30] [Server thread/INFO] (Minecraft) [Player936: 56 biome entry/entries set between 44, -64, -28 and 96, -60, -24]
[15:04:30] [Render thread/INFO] (Minecraft) [System] [CHAT] 56 biome entry/entries set between 44, -64, -28 and 96, -60, -24
[15:04:36] [Render thread/INFO] (Minecraft) Loaded 3 advancements
[15:04:58] [Server thread/INFO] (Minecraft) [Player936: 52 biome entry/entries set between 48, -64, -28 and 96, -60, -24]
[15:04:58] [Render thread/INFO] (Minecraft) [System] [CHAT] 52 biome entry/entries set between 48, -64, -28 and 96, -60, -24
[15:05:14] [Server thread/INFO] (Minecraft) [Player936: 112 biome entry/entries set between 44, -64, -24 and 96, -60, -12]
[15:05:14] [Render thread/INFO] (Minecraft) [System] [CHAT] 112 biome entry/entries set between 44, -64, -24 and 96, -60, -12
[15:05:22] [Server thread/INFO] (Minecraft) Saving and pausing game...
[15:05:22] [Server thread/INFO] (Minecraft) Saving chunks for level 'ServerLevel[New World]'/minecraft:overworld
[15:05:22] [Server thread/INFO] (Minecraft) Saving chunks for level 'ServerLevel[New World]'/minecraft:the_end
[15:05:22] [Server thread/INFO] (Minecraft) Saving chunks for level 'ServerLevel[New World]'/minecraft:the_nether
[15:05:38] [Server thread/INFO] (Minecraft) Saving and pausing game...
[15:05:38] [Server thread/INFO] (Minecraft) Saving chunks for level 'ServerLevel[New World]'/minecraft:overworld
[15:05:38] [Server thread/INFO] (Minecraft) Saving chunks for level 'ServerLevel[New World]'/minecraft:the_end
[15:05:38] [Server thread/INFO] (Minecraft) Saving chunks for level 'ServerLevel[New World]'/minecraft:the_nether
[15:05:44] [Server thread/INFO] (Minecraft) Saving and pausing game...
[15:05:44] [Server thread/INFO] (Minecraft) Saving chunks for level 'ServerLevel[New World]'/minecraft:overworld
[15:05:44] [Server thread/INFO] (Minecraft) Saving chunks for level 'ServerLevel[New World]'/minecraft:the_end
[15:05:44] [Server thread/INFO] (Minecraft) Saving chunks for level 'ServerLevel[New World]'/minecraft:the_nether
[15:06:07] [Render thread/INFO] (Minecraft) [System] [CHAT] [Debug]: Copied location to clipboard
[15:06:10] [Server thread/INFO] (Minecraft) [Player936: Teleported Player936 to 54.080000, -60.000000, -25.400000]
[15:06:10] [Render thread/INFO] (Minecraft) [System] [CHAT] Teleported Player936 to 54.080000, -60.000000, -25.400000
[15:06:11] [Server thread/INFO] (Minecraft) [Player936: Teleported Player936 to 54.080000, -60.000000, -25.400000]
[15:06:11] [Render thread/INFO] (Minecraft) [System] [CHAT] Teleported Player936 to 54.080000, -60.000000, -25.400000
[15:06:12] [Server thread/INFO] (Minecraft) [Player936: Teleported Player936 to 54.080000, -60.000000, -25.400000]
[15:06:12] [Render thread/INFO] (Minecraft) [System] [CHAT] Teleported Player936 to 54.080000, -60.000000, -25.400000
[15:06:16] [Render thread/INFO] (Minecraft) [System] [CHAT] Saved screenshot as 2023-11-12_15.06.16.png
[15:06:30] [Render thread/INFO] (Minecraft) Loaded 4 advancements
[15:06:30] [Render thread/INFO] (Minecraft) Loaded 5 advancements
[15:06:31] [Render thread/INFO] (Minecraft) Loaded 6 advancements
[15:06:32] [Render thread/INFO] (Minecraft) Loaded 7 advancements
[15:06:47] [Server thread/INFO] (Minecraft) [Player936: Teleported Player936 to 54.080000, -60.000000, -25.400000]
[15:06:47] [Render thread/INFO] (Minecraft) [System] [CHAT] Teleported Player936 to 54.080000, -60.000000, -25.400000
[15:06:51] [Render thread/INFO] (Minecraft) [System] [CHAT] Saved screenshot as 2023-11-12_15.06.51.png
[15:07:03] [Render thread/INFO] (Minecraft) Loaded 8 advancements
[15:07:05] [Render thread/INFO] (Minecraft) Loaded 9 advancements
[15:07:06] [Render thread/INFO] (Minecraft) Loaded 10 advancements
[15:07:06] [Render thread/INFO] (Minecraft) Loaded 11 advancements
[15:07:31] [Server thread/INFO] (Minecraft) [Player936: Teleported Player936 to 54.080000, -60.000000, -25.400000]
[15:07:31] [Render thread/INFO] (Minecraft) [System] [CHAT] Teleported Player936 to 54.080000, -60.000000, -25.400000
[15:07:40] [Render thread/INFO] (Minecraft) [System] [CHAT] Saved screenshot as 2023-11-12_15.07.40.png
[15:07:52] [Render thread/INFO] (Minecraft) Loaded 12 advancements
[15:07:52] [Render thread/INFO] (Minecraft) Loaded 13 advancements
[15:07:54] [Render thread/INFO] (Minecraft) Loaded 14 advancements
[15:07:55] [Render thread/INFO] (Minecraft) Loaded 15 advancements
[15:07:55] [Render thread/INFO] (Minecraft) Loaded 17 advancements
[15:07:56] [Render thread/INFO] (Minecraft) Loaded 18 advancements
[15:07:57] [Render thread/INFO] (Minecraft) Loaded 19 advancements
[15:08:04] [Server thread/INFO] (Minecraft) [Player936: Teleported Player936 to 54.080000, -60.000000, -25.400000]
[15:08:04] [Render thread/INFO] (Minecraft) [System] [CHAT] Teleported Player936 to 54.080000, -60.000000, -25.400000
[15:08:10] [Server thread/INFO] (Minecraft) [Player936: Teleported Player936 to 54.080000, -60.000000, -25.400000]
[15:08:10] [Render thread/INFO] (Minecraft) [System] [CHAT] Teleported Player936 to 54.080000, -60.000000, -25.400000
[15:08:15] [Server thread/INFO] (Minecraft) [Player936: Teleported Player936 to 54.080000, -60.000000, -25.400000]
[15:08:15] [Render thread/INFO] (Minecraft) [System] [CHAT] Teleported Player936 to 54.080000, -60.000000, -25.400000
[15:08:31] [Server thread/INFO] (Minecraft) [Player936: Teleported Player936 to 54.080000, -60.000000, -25.400000]
[15:08:31] [Render thread/INFO] (Minecraft) [System] [CHAT] Teleported Player936 to 54.080000, -60.000000, -25.400000
[15:08:45] [Server thread/INFO] (Minecraft) [Player936: Teleported Player936 to 54.080000, -60.000000, -25.400000]
[15:08:45] [Render thread/INFO] (Minecraft) [System] [CHAT] Teleported Player936 to 54.080000, -60.000000, -25.400000
[15:08:55] [Server thread/INFO] (Minecraft) [Player936: Teleported Player936 to 54.080000, -60.000000, -25.400000]
[15:08:55] [Render thread/INFO] (Minecraft) [System] [CHAT] Teleported Player936 to 54.080000, -60.000000, -25.400000
[15:09:00] [Render thread/INFO] (Minecraft) [System] [CHAT] Saved screenshot as 2023-11-12_15.09.00.png
[15:10:02] [Render thread/INFO] (Minecraft) Loaded 20 advancements
[15:10:45] [Server thread/INFO] (Minecraft) [Player936: Teleported Player936 to 54.080000, -60.000000, -25.400000]
[15:10:45] [Render thread/INFO] (Minecraft) [System] [CHAT] Teleported Player936 to 54.080000, -60.000000, -25.400000
[15:10:51] [Render thread/INFO] (Minecraft) [System] [CHAT] Saved screenshot as 2023-11-12_15.10.51.png
[15:10:52] [Server thread/INFO] (Minecraft) Saving and pausing game...
[15:10:52] [Server thread/INFO] (Minecraft) Saving chunks for level 'ServerLevel[New World]'/minecraft:overworld
[15:10:52] [Server thread/INFO] (Minecraft) Saving chunks for level 'ServerLevel[New World]'/minecraft:the_end
[15:10:52] [Server thread/INFO] (Minecraft) Saving chunks for level 'ServerLevel[New World]'/minecraft:the_nether
[15:13:35] [Server thread/INFO] (Minecraft) Player936 lost connection: Disconnected
[15:13:35] [Server thread/INFO] (Minecraft) Player936 left the game
[15:13:35] [Server thread/INFO] (Minecraft) Stopping singleplayer server as player logged out
[15:13:35] [Server thread/INFO] (Minecraft) Stopping server
[15:13:35] [Server thread/INFO] (Minecraft) Saving players
[15:13:35] [Server thread/INFO] (Minecraft) Saving worlds
[15:13:36] [Server thread/INFO] (Minecraft) Saving chunks for level 'ServerLevel[New World]'/minecraft:overworld
[15:13:36] [Server thread/INFO] (Minecraft) Saving chunks for level 'ServerLevel[New World]'/minecraft:the_end
[15:13:36] [Server thread/INFO] (Minecraft) Saving chunks for level 'ServerLevel[New World]'/minecraft:the_nether
[15:13:36] [Server thread/INFO] (Minecraft) ThreadedAnvilChunkStorage (New World (1)): All chunks are saved
[15:13:36] [Server thread/INFO] (Minecraft) ThreadedAnvilChunkStorage (DIM1): All chunks are saved
[15:13:36] [Server thread/INFO] (Minecraft) ThreadedAnvilChunkStorage (DIM-1): All chunks are saved
[15:13:36] [Server thread/INFO] (Minecraft) ThreadedAnvilChunkStorage: All dimensions are saved
[15:13:36] [Render thread/INFO] (Minecraft) Stopping!
